media-for-mobile-master/samples/build/outputs/logs/manifest-merger-debug-report.txt
-- Merging decision tree log ---
manifest
ADDED from src/main/AndroidManifest.xml:2:1-116:12
	package
		ADDED from src/main/AndroidManifest.xml:3:11-36
		INJECTED from src/main/AndroidManifest.xml
		INJECTED from src/main/AndroidManifest.xml
	android:versionName
		ADDED from src/main/AndroidManifest.xml:5:11-36
		INJECTED from src/main/AndroidManifest.xml
		INJECTED from src/main/AndroidManifest.xml
	android:versionCode
		ADDED from src/main/AndroidManifest.xml:4:11-34
		INJECTED from src/main/AndroidManifest.xml
		INJECTED from src/main/AndroidManifest.xml
	xmlns:android
		ADDED from src/main/AndroidManifest.xml:2:11-69
uses-permission#android.permission.WRITE_EXTERNAL_STORAGE
ADDED from src/main/AndroidManifest.xml:7:5-80
	android:name
		ADDED from src/main/AndroidManifest.xml:7:22-78
uses-feature#android.hardware.camera
ADDED from src/main/AndroidManifest.xml:10:5-59
	android:name
		ADDED from src/main/AndroidManifest.xml:10:19-57
uses-feature#android.hardware.camera.autofocus
ADDED from src/main/AndroidManifest.xml:11:5-69
	android:name
		ADDED from src/main/AndroidManifest.xml:11:19-67
uses-permission#android.permission.CAMERA
ADDED from src/main/AndroidManifest.xml:13:5-64
	android:name
		ADDED from src/main/AndroidManifest.xml:13:22-62
uses-permission#android.permission.RECORD_AUDIO
ADDED from src/main/AndroidManifest.xml:16:5-70
	android:name
		ADDED from src/main/AndroidManifest.xml:16:22-68
uses-feature#0x00020000
ADDED from src/main/AndroidManifest.xml:19:5-21:38
MERGED from [org.m4m:effects:unspecified] AndroidManifest.xml:11:5-13:35
MERGED from [org.m4m:android:1.0] AndroidManifest.xml:12:5-14:35
	android:glEsVersion
		ADDED from src/main/AndroidManifest.xml:20:13-45
	android:required
		ADDED from src/main/AndroidManifest.xml:21:13-36
application
ADDED from src/main/AndroidManifest.xml:23:5-114:19
MERGED from [org.m4m:effects:unspecified] AndroidManifest.xml:15:5-20
MERGED from [org.m4m:android:1.0] AndroidManifest.xml:16:5-20
	android:label
		ADDED from src/main/AndroidManifest.xml:24:13-45
	android:icon
		ADDED from src/main/AndroidManifest.xml:25:13-47
	android:largeHeap
		ADDED from src/main/AndroidManifest.xml:26:13-37
activity#org.m4m.samples.SamplesMainActivity
ADDED from src/main/AndroidManifest.xml:28:9-36:20
	android:configChanges
		ADDED from src/main/AndroidManifest.xml:30:17-78
	android:name
		ADDED from src/main/AndroidManifest.xml:29:17-67
intent-filter#android.intent.action.MAIN+android.intent.category.LAUNCHER
ADDED from src/main/AndroidManifest.xml:31:13-35:29
action#android.intent.action.MAIN
ADDED from src/main/AndroidManifest.xml:32:17-68
	android:name
		ADDED from src/main/AndroidManifest.xml:32:25-66
category#android.intent.category.LAUNCHER
ADDED from src/main/AndroidManifest.xml:34:17-76
	android:name
		ADDED from src/main/AndroidManifest.xml:34:27-74
activity#org.m4m.samples.GameCapturing
ADDED from src/main/AndroidManifest.xml:38:9-41:49
	android:label
		ADDED from src/main/AndroidManifest.xml:41:17-47
	android:configChanges
		ADDED from src/main/AndroidManifest.xml:40:17-78
	android:name
		ADDED from src/main/AndroidManifest.xml:39:17-61
activity#org.m4m.samples.ComposerTranscodeActivity
ADDED from src/main/AndroidManifest.xml:43:9-46:50
	android:label
		ADDED from src/main/AndroidManifest.xml:46:17-48
	android:configChanges
		ADDED from src/main/AndroidManifest.xml:45:17-78
	android:name
		ADDED from src/main/AndroidManifest.xml:44:17-73
activity#org.m4m.samples.ComposerTranscodeCoreActivity
ADDED from src/main/AndroidManifest.xml:48:9-51:55
	android:label
		ADDED from src/main/AndroidManifest.xml:51:17-53
	android:configChanges
		ADDED from src/main/AndroidManifest.xml:50:17-78
	android:name
		ADDED from src/main/AndroidManifest.xml:49:17-77
activity#org.m4m.samples.ComposerMediaFileInfoActivity
ADDED from src/main/AndroidManifest.xml:53:9-56:54
	android:label
		ADDED from src/main/AndroidManifest.xml:56:17-52
	android:configChanges
		ADDED from src/main/AndroidManifest.xml:55:17-78
	android:name
		ADDED from src/main/AndroidManifest.xml:54:17-77
activity#org.m4m.samples.ComposerMediaFileInfoCoreActivity
ADDED from src/main/AndroidManifest.xml:57:9-60:59
	android:label
		ADDED from src/main/AndroidManifest.xml:60:17-57
	android:configChanges
		ADDED from src/main/AndroidManifest.xml:59:17-78
	android:name
		ADDED from src/main/AndroidManifest.xml:58:17-81
activity#org.m4m.samples.ComposerJoinActivity
ADDED from src/main/AndroidManifest.xml:62:9-65:45
	android:label
		ADDED from src/main/AndroidManifest.xml:65:17-43
	android:configChanges
		ADDED from src/main/AndroidManifest.xml:64:17-78
	android:name
		ADDED from src/main/AndroidManifest.xml:63:17-68
activity#org.m4m.samples.ComposerJoinCoreActivity
ADDED from src/main/AndroidManifest.xml:66:9-69:50
	android:label
		ADDED from src/main/AndroidManifest.xml:69:17-48
	android:configChanges
		ADDED from src/main/AndroidManifest.xml:68:17-78
	android:name
		ADDED from src/main/AndroidManifest.xml:67:17-72
activity#org.m4m.samples.ComposerCutActivity
ADDED from src/main/AndroidManifest.xml:71:9-74:44
	android:label
		ADDED from src/main/AndroidManifest.xml:74:17-42
	android:configChanges
		ADDED from src/main/AndroidManifest.xml:73:17-78
	android:name
		ADDED from src/main/AndroidManifest.xml:72:17-67
activity#org.m4m.samples.ComposerCutCoreActivity
ADDED from src/main/AndroidManifest.xml:75:9-78:49
	android:label
		ADDED from src/main/AndroidManifest.xml:78:17-47
	android:configChanges
		ADDED from src/main/AndroidManifest.xml:77:17-78
	android:name
		ADDED from src/main/AndroidManifest.xml:76:17-71
activity#org.m4m.samples.ComposerVideoEffectActivity
ADDED from src/main/AndroidManifest.xml:80:9-83:47
	android:label
		ADDED from src/main/AndroidManifest.xml:83:17-45
	android:configChanges
		ADDED from src/main/AndroidManifest.xml:82:17-78
	android:name
		ADDED from src/main/AndroidManifest.xml:81:17-75
activity#org.m4m.samples.ComposerVideoEffectCoreActivity
ADDED from src/main/AndroidManifest.xml:84:9-87:52
	android:label
		ADDED from src/main/AndroidManifest.xml:87:17-50
	android:configChanges
		ADDED from src/main/AndroidManifest.xml:86:17-78
	android:name
		ADDED from src/main/AndroidManifest.xml:85:17-79
activity#org.m4m.samples.ComposerTimeScalingActivity
ADDED from src/main/AndroidManifest.xml:89:9-92:56
	android:label
		ADDED from src/main/AndroidManifest.xml:92:17-54
	android:configChanges
		ADDED from src/main/AndroidManifest.xml:91:17-78
	android:name
		ADDED from src/main/AndroidManifest.xml:90:17-75
activity#org.m4m.samples.ComposerTimeScalingCoreActivity
ADDED from src/main/AndroidManifest.xml:93:9-96:52
	android:label
		ADDED from src/main/AndroidManifest.xml:96:17-50
	android:configChanges
		ADDED from src/main/AndroidManifest.xml:95:17-78
	android:name
		ADDED from src/main/AndroidManifest.xml:94:17-79
activity#org.m4m.samples.CameraCapturerActivity
ADDED from src/main/AndroidManifest.xml:98:9-103:50
	android:screenOrientation
		ADDED from src/main/AndroidManifest.xml:101:17-54
	android:label
		ADDED from src/main/AndroidManifest.xml:103:17-48
	android:configChanges
		ADDED from src/main/AndroidManifest.xml:100:17-78
	android:theme
		ADDED from src/main/AndroidManifest.xml:102:17-70
	android:name
		ADDED from src/main/AndroidManifest.xml:99:17-70
activity#org.m4m.samples.ComposerAudioEffectActivity
ADDED from src/main/AndroidManifest.xml:105:9-108:47
	android:label
		ADDED from src/main/AndroidManifest.xml:108:17-45
	android:configChanges
		ADDED from src/main/AndroidManifest.xml:107:17-78
	android:name
		ADDED from src/main/AndroidManifest.xml:106:17-75
activity#org.m4m.samples.ComposerAudioEffectCoreActivity
ADDED from src/main/AndroidManifest.xml:109:9-112:52
	android:label
		ADDED from src/main/AndroidManifest.xml:112:17-50
	android:configChanges
		ADDED from src/main/AndroidManifest.xml:111:17-78
	android:name
		ADDED from src/main/AndroidManifest.xml:110:17-79
uses-sdk
INJECTED from src/main/AndroidManifest.xml reason: use-sdk injection requested
MERGED from [org.m4m:effects:unspecified] AndroidManifest.xml:7:5-9:41
MERGED from [org.m4m:android:1.0] AndroidManifest.xml:7:5-9:41
	android:targetSdkVersion
		INJECTED from src/main/AndroidManifest.xml
		INJECTED from src/main/AndroidManifest.xml
	android:minSdkVersion
		INJECTED from src/main/AndroidManifest.xml
		INJECTED from src/main/AndroidManifest.xml